<?xml version="1.0" encoding="UTF-8"?>
<!-- Generated by org.testng.reporters.JUnitReportReporter -->
<testsuite hostname="DESKTOP-BHR3PSD" failures="0" tests="3" name="test.SearchTest" time="9.112" errors="1" timestamp="13 Jun 2026 09:55:43 GMT" skipped="2">
  <testcase classname="test.SearchTest" name="testSearchResult" time="0.000">
    <skipped/>
  </testcase> <!-- testSearchResult -->
  <testcase classname="test.SearchTest" name="before" time="9.112">
    <error message="session not created: This version of ChromeDriver only supports Chrome version 126
Current browser version is 147.0.7727.138 with binary path C:\Program Files\Google\Chrome\Application\chrome.exe
Build info: version: &#039;3.141.59&#039;, revision: &#039;e82be7d358&#039;, time: &#039;2018-11-14T08:17:03&#039;
System info: host: &#039;DESKTOP-BHR3PSD&#039;, ip: &#039;192.168.1.27&#039;, os.name: &#039;Windows 11&#039;, os.arch: &#039;amd64&#039;, os.version: &#039;10.0&#039;, java.version: &#039;22.0.1&#039;
Driver info: driver.version: ChromeDriver
remote stacktrace: 	GetHandleVerifier [0x009EC1C3+27395]
	(No symbol) [0x00983DC4]
	(No symbol) [0x00881B7F]
	(No symbol) [0x008B4B8A]
	(No symbol) [0x008B3EED]
	(No symbol) [0x008AEFAF]
	(No symbol) [0x008AAC69]
	(No symbol) [0x008ED58E]
	(No symbol) [0x008ECDAA]
	(No symbol) [0x008E3736]
	(No symbol) [0x008B7541]
	(No symbol) [0x008B80BD]
	GetHandleVerifier [0x00CA3A93+2876371]
	GetHandleVerifier [0x00CF7F5D+3221661]
	GetHandleVerifier [0x00A6D634+556916]
	GetHandleVerifier [0x00A7474C+585868]
	(No symbol) [0x0098CE04]
	(No symbol) [0x00989818]
	(No symbol) [0x009899B7]
	(No symbol) [0x0097BF0E]
	BaseThreadInitThunk [0x75FA5D49+25]
	RtlInitializeExceptionChain [0x77E6D83B+107]
	RtlGetAppContainerNamedObjectPath [0x77E6D7C1+561]
" type="org.openqa.selenium.SessionNotCreatedException">
      <![CDATA[org.openqa.selenium.SessionNotCreatedException: session not created: This version of ChromeDriver only supports Chrome version 126
Current browser version is 147.0.7727.138 with binary path C:\Program Files\Google\Chrome\Application\chrome.exe
Build info: version: '3.141.59', revision: 'e82be7d358', time: '2018-11-14T08:17:03'
System info: host: 'DESKTOP-BHR3PSD', ip: '192.168.1.27', os.name: 'Windows 11', os.arch: 'amd64', os.version: '10.0', java.version: '22.0.1'
Driver info: driver.version: ChromeDriver
remote stacktrace: GetHandleVerifier [0x009EC1C3+27395]
(No symbol) [0x00983DC4]
(No symbol) [0x00881B7F]
(No symbol) [0x008B4B8A]
(No symbol) [0x008B3EED]
(No symbol) [0x008AEFAF]
(No symbol) [0x008AAC69]
(No symbol) [0x008ED58E]
(No symbol) [0x008ECDAA]
(No symbol) [0x008E3736]
(No symbol) [0x008B7541]
(No symbol) [0x008B80BD]
GetHandleVerifier [0x00CA3A93+2876371]
GetHandleVerifier [0x00CF7F5D+3221661]
GetHandleVerifier [0x00A6D634+556916]
GetHandleVerifier [0x00A7474C+585868]
(No symbol) [0x0098CE04]
(No symbol) [0x00989818]
(No symbol) [0x009899B7]
(No symbol) [0x0097BF0E]
BaseThreadInitThunk [0x75FA5D49+25]
RtlInitializeExceptionChain [0x77E6D83B+107]
RtlGetAppContainerNamedObjectPath [0x77E6D7C1+561]

at java.base/jdk.internal.reflect.DirectConstructorHandleAccessor.newInstance(DirectConstructorHandleAccessor.java:62)
at java.base/java.lang.reflect.Constructor.newInstanceWithCaller(Constructor.java:502)
at java.base/java.lang.reflect.Constructor.newInstance(Constructor.java:486)
at org.openqa.selenium.remote.W3CHandshakeResponse.lambda$errorHandler$0(W3CHandshakeResponse.java:62)
at org.openqa.selenium.remote.HandshakeResponse.lambda$getResponseFunction$0(HandshakeResponse.java:30)
at org.openqa.selenium.remote.ProtocolHandshake.lambda$createSession$0(ProtocolHandshake.java:126)
at java.base/java.util.stream.ReferencePipeline$3$1.accept(ReferencePipeline.java:212)
at java.base/java.util.Spliterators$ArraySpliterator.tryAdvance(Spliterators.java:1034)
at java.base/java.util.stream.ReferencePipeline.forEachWithCancel(ReferencePipeline.java:144)
at java.base/java.util.stream.AbstractPipeline.copyIntoWithCancel(AbstractPipeline.java:574)
at java.base/java.util.stream.AbstractPipeline.copyInto(AbstractPipeline.java:560)
at java.base/java.util.stream.AbstractPipeline.wrapAndCopyInto(AbstractPipeline.java:546)
at java.base/java.util.stream.FindOps$FindOp.evaluateSequential(FindOps.java:150)
at java.base/java.util.stream.AbstractPipeline.evaluate(AbstractPipeline.java:265)
at java.base/java.util.stream.ReferencePipeline.findFirst(ReferencePipeline.java:662)
at org.openqa.selenium.remote.ProtocolHandshake.createSession(ProtocolHandshake.java:128)
at org.openqa.selenium.remote.ProtocolHandshake.createSession(ProtocolHandshake.java:74)
at org.openqa.selenium.remote.HttpCommandExecutor.execute(HttpCommandExecutor.java:136)
at org.openqa.selenium.remote.service.DriverCommandExecutor.execute(DriverCommandExecutor.java:83)
at org.openqa.selenium.remote.RemoteWebDriver.execute(RemoteWebDriver.java:552)
at org.openqa.selenium.remote.RemoteWebDriver.startSession(RemoteWebDriver.java:213)
at org.openqa.selenium.remote.RemoteWebDriver.<init>(RemoteWebDriver.java:131)
at org.openqa.selenium.chrome.ChromeDriver.<init>(ChromeDriver.java:181)
at org.openqa.selenium.chrome.ChromeDriver.<init>(ChromeDriver.java:168)
at org.openqa.selenium.chrome.ChromeDriver.<init>(ChromeDriver.java:157)
at util.driver.DriverFactory.getNewDriverInstance(DriverFactory.java:51)
at test.BaseTest.before(BaseTest.java:15)
at java.base/jdk.internal.reflect.DirectMethodHandleAccessor.invoke(DirectMethodHandleAccessor.java:103)
at java.base/java.lang.reflect.Method.invoke(Method.java:580)
at org.testng.internal.MethodInvocationHelper.invokeMethod(MethodInvocationHelper.java:124)
at org.testng.internal.MethodInvocationHelper.invokeMethodConsideringTimeout(MethodInvocationHelper.java:59)
at org.testng.internal.Invoker.invokeConfigurationMethod(Invoker.java:458)
at org.testng.internal.Invoker.invokeConfigurations(Invoker.java:222)
at org.testng.internal.Invoker.invokeMethod(Invoker.java:523)
at org.testng.internal.Invoker.invokeTestMethod(Invoker.java:719)
at org.testng.internal.Invoker.invokeTestMethods(Invoker.java:989)
at org.testng.internal.TestMethodWorker.invokeTestMethods(TestMethodWorker.java:125)
at org.testng.internal.TestMethodWorker.run(TestMethodWorker.java:109)
at java.base/java.util.concurrent.ThreadPoolExecutor.runWorker(ThreadPoolExecutor.java:1144)
at java.base/java.util.concurrent.ThreadPoolExecutor$Worker.run(ThreadPoolExecutor.java:642)
at java.base/java.lang.Thread.run(Thread.java:1570)
]]>
    </error>
  </testcase> <!-- before -->
  <testcase classname="test.SearchTest" name="testSearchResultCount" time="0.000">
    <skipped/>
  </testcase> <!-- testSearchResultCount -->
</testsuite> <!-- test.SearchTest -->
